<?xml version="1.0" encoding="UTF-8"?>
  <testsuite tests="2" failures="0" time="207.074771663">
      <testcase name="Elasticsearch Test General - should run successfully" classname="e2e Suite" time="139.240503329"></testcase>
  </testsuite>