<?xml version="1.0" encoding="UTF-8"?>
  <testsuite tests="2" failures="0" time="177.255775158">
      <testcase name="Elasticsearch Test General - should run successfully" classname="e2e Suite" time="167.169567889"></testcase>
  </testsuite>