<?xml version="1.0" encoding="UTF-8"?>
  <testsuite tests="2" failures="1" time="44.678291941">
      <testcase name="Elasticsearch Test General - should run successfully" classname="e2e Suite" time="0">
          <skipped></skipped>
      </testcase>
      <testcase name="Elasticsearch Test General With PVC should run successfully" classname="e2e Suite" time="0">
          <skipped></skipped>
      </testcase>
      <testcase name="Elasticsearch Test DoNotPause should work successfully" classname="e2e Suite" time="0">
          <skipped></skipped>
      </testcase>
      <testcase name="Elasticsearch Test Snapshot In Local should take Snapshot successfully" classname="e2e Suite" time="0">
          <skipped></skipped>
      </testcase>
      <testcase name="Elasticsearch Test Snapshot In S3 should take Snapshot successfully" classname="e2e Suite" time="0">
          <skipped></skipped>
      </testcase>
      <testcase name="Elasticsearch Test Snapshot In GCS should take Snapshot successfully" classname="e2e Suite" time="0">
          <skipped></skipped>
      </testcase>
      <testcase name="Elasticsearch Test Snapshot In Azure should take Snapshot successfully" classname="e2e Suite" time="40.032567488">
          <failure type="Failure">/home/shahriar/go/src/github.com/k8sdb/elasticsearch/test/e2e/elasticsearch_test.go:229&#xA;Timed out after 0.000s.&#xA;Expected&#xA;    &lt;api.SnapshotPhase&gt;: Failed&#xA;not to equal&#xA;    &lt;api.SnapshotPhase&gt;: Failed&#xA;/home/shahriar/go/src/github.com/k8sdb/elasticsearch/test/e2e/framework/snapshot.go:47</failure>
          <system-out>[BeforeEach] Elasticsearch&#xA;  /home/shahriar/go/src/github.com/k8sdb/elasticsearch/test/e2e/elasticsearch_test.go:38&#xA;[BeforeEach] Snapshot&#xA;  /home/shahriar/go/src/github.com/k8sdb/elasticsearch/test/e2e/elasticsearch_test.go:149&#xA;[BeforeEach] In Azure&#xA;  /home/shahriar/go/src/github.com/k8sdb/elasticsearch/test/e2e/elasticsearch_test.go:227&#xA;[It] should take Snapshot successfully&#xA;  /home/shahriar/go/src/github.com/k8sdb/elasticsearch/test/e2e/elasticsearch_test.go:229&#xA;�[1mSTEP�[0m: Create Elasticsearch: elasticsearch-nka25s&#xA;�[1mSTEP�[0m: Wait for Running elasticsearch&#xA;�[1mSTEP�[0m: Create Secret&#xA;�[1mSTEP�[0m: Create Snapshot&#xA;�[1mSTEP�[0m: Check for Successed snapshot&#xA;[AfterEach] Snapshot&#xA;  /home/shahriar/go/src/github.com/k8sdb/elasticsearch/test/e2e/elasticsearch_test.go:144&#xA;</system-out>
      </testcase>
  </testsuite>