<?xml version="1.0" encoding="UTF-8"?>
  <testsuite tests="1" failures="1" time="381.090001559">
      <testcase name="Elasticsearch Test General - should run successfully" classname="e2e Suite" time="0">
          <skipped></skipped>
      </testcase>
      <testcase name="Elasticsearch Test General Dedicated elasticsearch should run successfully" classname="e2e Suite" time="0">
          <skipped></skipped>
      </testcase>
      <testcase name="Elasticsearch Test General With PVC should run successfully" classname="e2e Suite" time="0">
          <skipped></skipped>
      </testcase>
      <testcase name="Elasticsearch Test DoNotPause should work successfully" classname="e2e Suite" time="0">
          <skipped></skipped>
      </testcase>
      <testcase name="Elasticsearch Test Snapshot In Local should take Snapshot successfully" classname="e2e Suite" time="0">
          <skipped></skipped>
      </testcase>
      <testcase name="Elasticsearch Test Snapshot In S3 should take Snapshot successfully" classname="e2e Suite" time="0">
          <skipped></skipped>
      </testcase>
      <testcase name="Elasticsearch Test Snapshot In GCS should take Snapshot successfully" classname="e2e Suite" time="0">
          <skipped></skipped>
      </testcase>
      <testcase name="Elasticsearch Test Snapshot In Azure should take Snapshot successfully" classname="e2e Suite" time="0">
          <skipped></skipped>
      </testcase>
      <testcase name="Elasticsearch Test Snapshot In Swift should take Snapshot successfully" classname="e2e Suite" time="0">
          <skipped></skipped>
      </testcase>
      <testcase name="Elasticsearch Test Initialize should run successfully" classname="e2e Suite" time="380.050976772">
          <failure type="Failure">/home/shahriar/go/src/github.com/k8sdb/elasticsearch/test/e2e/elasticsearch_test.go:303&#xA;Timed out after 300.000s.&#xA;Expected&#xA;    &lt;v1alpha1.SnapshotPhase&gt;: &#xA;to equal&#xA;    &lt;v1alpha1.SnapshotPhase&gt;: Succeeded&#xA;/home/shahriar/go/src/github.com/k8sdb/elasticsearch/test/e2e/elasticsearch_test.go:278</failure>
          <system-out>�[1mSTEP�[0m: Create Elasticsearch: elasticsearch-bvgieb&#xA;�[1mSTEP�[0m: Wait for Running elasticsearch&#xA;�[1mSTEP�[0m: Create Secret&#xA;�[1mSTEP�[0m: Create Snapshot&#xA;�[1mSTEP�[0m: Check for Successed snapshot&#xA;</system-out>
      </testcase>
      <testcase name="Elasticsearch Test Resume - should resume DormantDatabase successfully" classname="e2e Suite" time="0">
          <skipped></skipped>
      </testcase>
      <testcase name="Elasticsearch Test Resume With original Elasticsearch should resume DormantDatabase successfully" classname="e2e Suite" time="0">
          <skipped></skipped>
      </testcase>
      <testcase name="Elasticsearch Test SnapshotScheduler With Startup should run schedular successfully" classname="e2e Suite" time="0">
          <skipped></skipped>
      </testcase>
      <testcase name="Elasticsearch Test SnapshotScheduler With Update should run schedular successfully" classname="e2e Suite" time="0">
          <skipped></skipped>
      </testcase>
  </testsuite>