<?xml version="1.0" encoding="UTF-8"?>
  <testsuite tests="4" failures="0" time="240.522450614">
      <testcase name="Elasticsearch Test General - should run successfully" classname="e2e Suite" time="40.045160228"></testcase>
      <testcase name="Elasticsearch Test General With PVC should run successfully" classname="e2e Suite" time="0.000292816">
          <skipped></skipped>
      </testcase>
      <testcase name="Elasticsearch Test DoNotPause should work successfully" classname="e2e Suite" time="55.276880986"></testcase>
      <testcase name="Elasticsearch Test Snapshot In Local should take Snapshot successfully" classname="e2e Suite" time="0">
          <skipped></skipped>
      </testcase>
      <testcase name="Elasticsearch Test Snapshot In S3 should take Snapshot successfully" classname="e2e Suite" time="0">
          <skipped></skipped>
      </testcase>
      <testcase name="Elasticsearch Test Snapshot In GCS should take Snapshot successfully" classname="e2e Suite" time="0">
          <skipped></skipped>
      </testcase>
      <testcase name="Elasticsearch Test Snapshot In Azure should take Snapshot successfully" classname="e2e Suite" time="0">
          <skipped></skipped>
      </testcase>
      <testcase name="Elasticsearch Test Snapshot In Swift should take Snapshot successfully" classname="e2e Suite" time="0">
          <skipped></skipped>
      </testcase>
      <testcase name="Elasticsearch Test Initialize should run successfully" classname="e2e Suite" time="0">
          <skipped></skipped>
      </testcase>
      <testcase name="Elasticsearch Test Resume - should resume DormantDatabase successfully" classname="e2e Suite" time="75.077645771"></testcase>
      <testcase name="Elasticsearch Test Resume With Init should resume DormantDatabase successfully" classname="e2e Suite" time="70.069612857"></testcase>
      <testcase name="Elasticsearch Test SnapshotScheduler With Startup should run schedular successfully" classname="e2e Suite" time="0">
          <skipped></skipped>
      </testcase>
      <testcase name="Elasticsearch Test SnapshotScheduler With Update should run schedular successfully" classname="e2e Suite" time="0">
          <skipped></skipped>
      </testcase>
  </testsuite>