<?xml version="1.0" encoding="UTF-8"?>
  <testsuite tests="1" failures="1" time="607.127682113">
      <testcase name="Elasticsearch Test General - should run successfully" classname="e2e Suite" time="0">
          <skipped></skipped>
      </testcase>
      <testcase name="Elasticsearch Test General Dedicated elasticsearch should run successfully" classname="e2e Suite" time="593.076060441">
          <failure type="Failure">/home/maruf/go/src/github.com/kubedb/elasticsearch/test/e2e/elasticsearch_test.go:121&#xA;Expected error:&#xA;    &lt;*url.Error | 0xc420314780&gt;: {&#xA;        Op: &#34;Get&#34;,&#xA;        URL: &#34;https://192.168.99.100:8443/apis/kubedb.com/v1alpha1/namespaces/elasticsearch-qu6vxm/elasticsearches/elasticsearch-ghpuor&#34;,&#xA;        Err: {s: &#34;unexpected EOF&#34;},&#xA;    }&#xA;    Get https://192.168.99.100:8443/apis/kubedb.com/v1alpha1/namespaces/elasticsearch-qu6vxm/elasticsearches/elasticsearch-ghpuor: unexpected EOF&#xA;not to have occurred&#xA;/home/maruf/go/src/github.com/kubedb/elasticsearch/test/e2e/framework/elasticsearch.go:109</failure>
          <system-out>[BeforeEach] Elasticsearch&#xA;  /home/maruf/go/src/github.com/kubedb/elasticsearch/test/e2e/elasticsearch_test.go:35&#xA;[BeforeEach] Dedicated elasticsearch&#xA;  /home/maruf/go/src/github.com/kubedb/elasticsearch/test/e2e/elasticsearch_test.go:118&#xA;[It] should run successfully&#xA;  /home/maruf/go/src/github.com/kubedb/elasticsearch/test/e2e/elasticsearch_test.go:121&#xA;�[1mSTEP�[0m: Create Elasticsearch: elasticsearch-ghpuor&#xA;�[1mSTEP�[0m: Wait for Running elasticsearch&#xA;[AfterEach] Elasticsearch&#xA;  /home/maruf/go/src/github.com/kubedb/elasticsearch/test/e2e/elasticsearch_test.go:80&#xA;�[1mSTEP�[0m: Delete elasticsearch: elasticsearch-ghpuor&#xA;</system-out>
      </testcase>
      <testcase name="Elasticsearch Test General With PVC should run successfully" classname="e2e Suite" time="0">
          <skipped></skipped>
      </testcase>
      <testcase name="Elasticsearch Test DoNotPause should work successfully" classname="e2e Suite" time="0">
          <skipped></skipped>
      </testcase>
      <testcase name="Elasticsearch Test Snapshot In Local should take Snapshot successfully" classname="e2e Suite" time="0">
          <skipped></skipped>
      </testcase>
      <testcase name="Elasticsearch Test Snapshot In S3 should take Snapshot successfully" classname="e2e Suite" time="0">
          <skipped></skipped>
      </testcase>
      <testcase name="Elasticsearch Test Snapshot In GCS should take Snapshot successfully" classname="e2e Suite" time="0">
          <skipped></skipped>
      </testcase>
      <testcase name="Elasticsearch Test Snapshot In Azure should take Snapshot successfully" classname="e2e Suite" time="0">
          <skipped></skipped>
      </testcase>
      <testcase name="Elasticsearch Test Snapshot In Swift should take Snapshot successfully" classname="e2e Suite" time="0">
          <skipped></skipped>
      </testcase>
      <testcase name="Elasticsearch Test Initialize should run successfully" classname="e2e Suite" time="0">
          <skipped></skipped>
      </testcase>
      <testcase name="Elasticsearch Test Resume - should resume DormantDatabase successfully" classname="e2e Suite" time="0">
          <skipped></skipped>
      </testcase>
      <testcase name="Elasticsearch Test SnapshotScheduler With Startup should run schedular successfully" classname="e2e Suite" time="0">
          <skipped></skipped>
      </testcase>
      <testcase name="Elasticsearch Test SnapshotScheduler With Update should run schedular successfully" classname="e2e Suite" time="0">
          <skipped></skipped>
      </testcase>
      <testcase name="AfterSuite" classname="e2e Suite" time="1.004648423">
          <failure type="Failure">/home/maruf/go/src/github.com/kubedb/elasticsearch/test/e2e/e2e_suite_test.go:95&#xA;Expected error:&#xA;    &lt;*url.Error | 0xc42029e780&gt;: {&#xA;        Op: &#34;Delete&#34;,&#xA;        URL: &#34;https://192.168.99.100:8443/api/v1/namespaces/elasticsearch-qu6vxm&#34;,&#xA;        Err: {&#xA;            Op: &#34;dial&#34;,&#xA;            Net: &#34;tcp&#34;,&#xA;            Source: nil,&#xA;            Addr: {&#xA;                IP: [0, 0, 0, 0, 0, 0, 0, 0, 0, 0, 255, 255, 192, 168, 99, 100],&#xA;                Port: 8443,&#xA;                Zone: &#34;&#34;,&#xA;            },&#xA;            Err: {Syscall: &#34;connect&#34;, Err: 0x6f},&#xA;        },&#xA;    }&#xA;    Delete https://192.168.99.100:8443/api/v1/namespaces/elasticsearch-qu6vxm: dial tcp 192.168.99.100:8443: connect: connection refused&#xA;not to have occurred&#xA;/home/maruf/go/src/github.com/kubedb/elasticsearch/test/e2e/e2e_suite_test.go:106</failure>
      </testcase>
  </testsuite>