<?xml version="1.0" encoding="UTF-8"?>
  <testsuite tests="3" failures="0" time="299.762478226">
      <testcase name="Elasticsearch Test General - should run successfully" classname="e2e Suite" time="40.059421129"></testcase>
      <testcase name="Elasticsearch Test General With PVC should run successfully" classname="e2e Suite" time="0.000374309">
          <skipped></skipped>
      </testcase>
      <testcase name="Elasticsearch Test DoNotPause should work successfully" classname="e2e Suite" time="45.054135733"></testcase>
  </testsuite>