<?xml version="1.0" encoding="UTF-8"?>
  <testsuite tests="13" failures="13" time="2.74857656">
      <testcase name="AfterSuite" classname="e2e Suite" time="1.263383153">
          <failure type="Failure">/home/shahriar/go/src/github.com/kubedb/elasticsearch/test/e2e/e2e_suite_test.go:106&#xA;Expected error:&#xA;    &lt;*errors.StatusError | 0xc4200b4ab0&gt;: {&#xA;        ErrStatus: {&#xA;            TypeMeta: {Kind: &#34;&#34;, APIVersion: &#34;&#34;},&#xA;            ListMeta: {SelfLink: &#34;&#34;, ResourceVersion: &#34;&#34;, Continue: &#34;&#34;},&#xA;            Status: &#34;Failure&#34;,&#xA;            Message: &#34;Operation cannot be fulfilled on namespaces \&#34;elasticsearch-zzhyqt\&#34;: The system is ensuring all content is removed from this namespace.  Upon completion, this namespace will automatically be purged by the system.&#34;,&#xA;            Reason: &#34;Conflict&#34;,&#xA;            Details: {&#xA;                Name: &#34;elasticsearch-zzhyqt&#34;,&#xA;                Group: &#34;&#34;,&#xA;                Kind: &#34;namespaces&#34;,&#xA;                UID: &#34;&#34;,&#xA;                Causes: nil,&#xA;                RetryAfterSeconds: 0,&#xA;            },&#xA;            Code: 409,&#xA;        },&#xA;    }&#xA;    Operation cannot be fulfilled on namespaces &#34;elasticsearch-zzhyqt&#34;: The system is ensuring all content is removed from this namespace.  Upon completion, this namespace will automatically be purged by the system.&#xA;not to have occurred&#xA;/home/shahriar/go/src/github.com/kubedb/elasticsearch/test/e2e/e2e_suite_test.go:104</failure>
      </testcase>
  </testsuite>